<?xml version="1.0" encoding="UTF-8"?>
<testsuite xmlns:xsi="http://www.w3.org/2001/XMLSchema-instance" xsi:noNamespaceSchemaLocation="https://maven.apache.org/surefire/maven-surefire-plugin/xsd/surefire-test-report-3.0.xsd" version="3.0" name="InjectedTest" time="74.872" tests="40" errors="0" skipped="0" failures="0">
  <properties>
    <property name="awt.toolkit" value="sun.awt.X11.XToolkit"/>
    <property name="hudson.udp" value="-1"/>
    <property name="file.encoding.pkg" value="sun.io"/>
    <property name="java.specification.version" value="1.8"/>
    <property name="sun.cpu.isalist" value=""/>
    <property name="sun.jnu.encoding" value="UTF-8"/>
    <property name="java.class.path" value="/opt/git-repo/target/test-classes:/opt/git-repo/target/classes:/root/.m2/repository/org/apache/commons/commons-lang3/3.7/commons-lang3-3.7.jar:/root/.m2/repository/org/sonarsource/sonarqube/sonar-ws/6.7/sonar-ws-6.7.jar:/root/.m2/repository/com/google/protobuf/protobuf-java/3.0.0-beta-2/protobuf-java-3.0.0-beta-2.jar:/root/.m2/repository/com/google/guava/guava/18.0/guava-18.0.jar:/root/.m2/repository/com/squareup/okhttp3/okhttp/3.7.0/okhttp-3.7.0.jar:/root/.m2/repository/com/squareup/okio/okio/1.12.0/okio-1.12.0.jar:/root/.m2/repository/commons-io/commons-io/2.5/commons-io-2.5.jar:/root/.m2/repository/org/jenkins-ci/main/maven-plugin/2.17/maven-plugin-2.17.jar:/root/.m2/repository/org/jenkins-ci/plugins/javadoc/1.0/javadoc-1.0.jar:/root/.m2/repository/org/jenkins-ci/plugins/junit/1.6/junit-1.6.jar:/root/.m2/repository/org/jenkins-ci/main/maven/maven-agent/1.11/maven-agent-1.11.jar:/root/.m2/repository/org/jenkins-ci/main/maven/maven-interceptor/1.11/maven-interceptor-1.11.jar:/root/.m2/repository/org/jvnet/hudson/maven2.1-interceptor/1.2/maven2.1-interceptor-1.2.jar:/root/.m2/repository/org/jenkins-ci/main/maven/maven3-agent/1.11/maven3-agent-1.11.jar:/root/.m2/repository/org/jenkins-ci/main/maven/maven31-agent/1.11/maven31-agent-1.11.jar:/root/.m2/repository/org/jenkins-ci/main/maven/maven32-agent/1.11/maven32-agent-1.11.jar:/root/.m2/repository/org/jenkins-ci/main/maven/maven33-agent/1.11/maven33-agent-1.11.jar:/root/.m2/repository/org/jenkins-ci/main/maven/maven35-agent/1.11/maven35-agent-1.11.jar:/root/.m2/repository/org/jenkins-ci/main/maven/maven3-interceptor/1.11/maven3-interceptor-1.11.jar:/root/.m2/repository/org/jenkins-ci/main/maven/maven31-interceptor/1.11/maven31-interceptor-1.11.jar:/root/.m2/repository/org/jenkins-ci/main/maven/maven32-interceptor/1.11/maven32-interceptor-1.11.jar:/root/.m2/repository/org/jenkins-ci/main/maven/maven33-interceptor/1.11/maven33-interceptor-1.11.jar:/root/.m2/repository/org/jenkins-ci/main/maven/maven35-interceptor/1.11/maven35-interceptor-1.11.jar:/root/.m2/repository/org/jenkins-ci/main/maven/maven3-interceptor-commons/1.11/maven3-interceptor-commons-1.11.jar:/root/.m2/repository/org/apache/maven/maven-core/3.5.0/maven-core-3.5.0.jar:/root/.m2/repository/org/apache/maven/maven-model/3.5.0/maven-model-3.5.0.jar:/root/.m2/repository/org/apache/maven/maven-settings/3.5.0/maven-settings-3.5.0.jar:/root/.m2/repository/org/apache/maven/maven-settings-builder/3.5.0/maven-settings-builder-3.5.0.jar:/root/.m2/repository/org/apache/maven/maven-builder-support/3.5.0/maven-builder-support-3.5.0.jar:/root/.m2/repository/org/apache/maven/maven-repository-metadata/3.5.0/maven-repository-metadata-3.5.0.jar:/root/.m2/repository/org/apache/maven/maven-artifact/3.5.0/maven-artifact-3.5.0.jar:/root/.m2/repository/org/apache/maven/maven-plugin-api/3.5.0/maven-plugin-api-3.5.0.jar:/root/.m2/repository/org/apache/maven/maven-model-builder/3.5.0/maven-model-builder-3.5.0.jar:/root/.m2/repository/org/apache/maven/maven-resolver-provider/3.5.0/maven-resolver-provider-3.5.0.jar:/root/.m2/repository/org/apache/maven/resolver/maven-resolver-impl/1.0.3/maven-resolver-impl-1.0.3.jar:/root/.m2/repository/org/apache/maven/resolver/maven-resolver-api/1.0.3/maven-resolver-api-1.0.3.jar:/root/.m2/repository/org/apache/maven/resolver/maven-resolver-spi/1.0.3/maven-resolver-spi-1.0.3.jar:/root/.m2/repository/org/apache/maven/resolver/maven-resolver-util/1.0.3/maven-resolver-util-1.0.3.jar:/root/.m2/repository/org/apache/maven/shared/maven-shared-utils/3.1.0/maven-shared-utils-3.1.0.jar:/root/.m2/repository/com/google/inject/guice/4.0/guice-4.0-no_aop.jar:/root/.m2/repository/org/codehaus/plexus/plexus-interpolation/1.24/plexus-interpolation-1.24.jar:/root/.m2/repository/org/codehaus/plexus/plexus-utils/3.0.24/plexus-utils-3.0.24.jar:/root/.m2/repository/org/codehaus/plexus/plexus-component-annotations/1.7.1/plexus-component-annotations-1.7.1.jar:/root/.m2/repository/org/sonatype/plexus/plexus-sec-dispatcher/1.4/plexus-sec-dispatcher-1.4.jar:/root/.m2/repository/org/apache/maven/maven-compat/3.5.0/maven-compat-3.5.0.jar:/root/.m2/repository/org/apache/maven/maven-aether-provider/3.3.1/maven-aether-provider-3.3.1.jar:/root/.m2/repository/org/apache/maven/maven-embedder/3.5.0/maven-embedder-3.5.0.jar:/root/.m2/repository/org/sonatype/plexus/plexus-cipher/1.7/plexus-cipher-1.7.jar:/root/.m2/repository/commons-cli/commons-cli/1.4/commons-cli-1.4.jar:/root/.m2/repository/org/eclipse/aether/aether-api/1.1.0/aether-api-1.1.0.jar:/root/.m2/repository/org/eclipse/aether/aether-impl/1.1.0/aether-impl-1.1.0.jar:/root/.m2/repository/org/eclipse/aether/aether-spi/1.1.0/aether-spi-1.1.0.jar:/root/.m2/repository/org/eclipse/aether/aether-util/1.1.0/aether-util-1.1.0.jar:/root/.m2/repository/org/eclipse/aether/aether-transport-wagon/1.1.0/aether-transport-wagon-1.1.0.jar:/root/.m2/repository/org/eclipse/aether/aether-connector-basic/1.1.0/aether-connector-basic-1.1.0.jar:/root/.m2/repository/org/eclipse/sisu/org.eclipse.sisu.plexus/0.3.3/org.eclipse.sisu.plexus-0.3.3.jar:/root/.m2/repository/javax/enterprise/cdi-api/1.0/cdi-api-1.0.jar:/root/.m2/repository/javax/annotation/jsr250-api/1.0/jsr250-api-1.0.jar:/root/.m2/repository/org/eclipse/sisu/org.eclipse.sisu.inject/0.3.3/org.eclipse.sisu.inject-0.3.3.jar:/root/.m2/repository/org/apache/maven/wagon/wagon-http/2.12/wagon-http-2.12.jar:/root/.m2/repository/org/apache/maven/wagon/wagon-http-shared/2.12/wagon-http-shared-2.12.jar:/root/.m2/repository/org/jsoup/jsoup/1.7.2/jsoup-1.7.2.jar:/root/.m2/repository/org/apache/httpcomponents/httpclient/4.5.2/httpclient-4.5.2.jar:/root/.m2/repository/org/apache/httpcomponents/httpcore/4.4.4/httpcore-4.4.4.jar:/root/.m2/repository/org/apache/maven/wagon/wagon-file/2.12/wagon-file-2.12.jar:/root/.m2/repository/org/apache/maven/wagon/wagon-ftp/2.12/wagon-ftp-2.12.jar:/root/.m2/repository/commons-net/commons-net/3.6/commons-net-3.6.jar:/root/.m2/repository/org/apache/maven/wagon/wagon-ssh/2.12/wagon-ssh-2.12.jar:/root/.m2/repository/com/jcraft/jsch/0.1.54/jsch-0.1.54.jar:/root/.m2/repository/com/jcraft/jsch.agentproxy.connector-factory/0.0.9/jsch.agentproxy.connector-factory-0.0.9.jar:/root/.m2/repository/com/jcraft/jsch.agentproxy.core/0.0.9/jsch.agentproxy.core-0.0.9.jar:/root/.m2/repository/com/jcraft/jsch.agentproxy.usocket-jna/0.0.9/jsch.agentproxy.usocket-jna-0.0.9.jar:/root/.m2/repository/net/java/dev/jna/jna-platform/4.1.0/jna-platform-4.1.0.jar:/root/.m2/repository/com/jcraft/jsch.agentproxy.usocket-nc/0.0.9/jsch.agentproxy.usocket-nc-0.0.9.jar:/root/.m2/repository/com/jcraft/jsch.agentproxy.sshagent/0.0.9/jsch.agentproxy.sshagent-0.0.9.jar:/root/.m2/repository/com/jcraft/jsch.agentproxy.pageant/0.0.9/jsch.agentproxy.pageant-0.0.9.jar:/root/.m2/repository/com/jcraft/jsch.agentproxy.jsch/0.0.9/jsch.agentproxy.jsch-0.0.9.jar:/root/.m2/repository/org/codehaus/plexus/plexus-interactivity-api/1.0-alpha-6/plexus-interactivity-api-1.0-alpha-6.jar:/root/.m2/repository/org/apache/maven/wagon/wagon-ssh-common/2.12/wagon-ssh-common-2.12.jar:/root/.m2/repository/org/apache/maven/wagon/wagon-ssh-external/2.12/wagon-ssh-external-2.12.jar:/root/.m2/repository/org/apache/maven/wagon/wagon-provider-api/2.12/wagon-provider-api-2.12.jar:/root/.m2/repository/org/apache/maven/reporting/maven-reporting-api/3.0/maven-reporting-api-3.0.jar:/root/.m2/repository/org/apache/maven/doxia/doxia-sink-api/1.0/doxia-sink-api-1.0.jar:/root/.m2/repository/org/codehaus/plexus/plexus-classworlds/2.5.2/plexus-classworlds-2.5.2.jar:/root/.m2/repository/org/jenkins-ci/lib/lib-jenkins-maven-artifact-manager/1.2/lib-jenkins-maven-artifact-manager-1.2.jar:/root/.m2/repository/org/jenkins-ci/lib/lib-jenkins-maven-embedder/3.12.1/lib-jenkins-maven-embedder-3.12.1.jar:/root/.m2/repository/org/apache/maven/wagon/wagon-webdav-jackrabbit/2.12/wagon-webdav-jackrabbit-2.12.jar:/root/.m2/repository/org/apache/jackrabbit/jackrabbit-webdav/2.5.2/jackrabbit-webdav-2.5.2.jar:/root/.m2/repository/org/jenkins-ci/plugins/configurationslicing/1.47/configurationslicing-1.47.jar:/root/.m2/repository/org/jenkins-ci/plugins/workflow/workflow-support/2.18/workflow-support-2.18.jar:/root/.m2/repository/org/jenkins-ci/plugins/workflow/workflow-step-api/2.14/workflow-step-api-2.14.jar:/root/.m2/repository/org/jenkins-ci/plugins/workflow/workflow-api/2.25/workflow-api-2.25.jar:/root/.m2/repository/org/jenkins-ci/plugins/scm-api/2.2.6/scm-api-2.2.6.jar:/root/.m2/repository/org/jenkins-ci/plugins/script-security/1.39/script-security-1.39.jar:/root/.m2/repository/org/kohsuke/groovy-sandbox/1.16/groovy-sandbox-1.16.jar:/root/.m2/repository/org/jboss/marshalling/jboss-marshalling-river/1.4.12.jenkins-3/jboss-marshalling-river-1.4.12.jenkins-3.jar:/root/.m2/repository/org/jboss/marshalling/jboss-marshalling/1.4.12.jenkins-3/jboss-marshalling-1.4.12.jenkins-3.jar:/root/.m2/repository/org/mockito/mockito-core/2.24.5/mockito-core-2.24.5.jar:/root/.m2/repository/net/bytebuddy/byte-buddy/1.9.7/byte-buddy-1.9.7.jar:/root/.m2/repository/net/bytebuddy/byte-buddy-agent/1.9.7/byte-buddy-agent-1.9.7.jar:/root/.m2/repository/org/objenesis/objenesis/3.0.1/objenesis-3.0.1.jar:/root/.m2/repository/org/assertj/assertj-core/3.11.1/assertj-core-3.11.1.jar:/root/.m2/repository/org/jenkins-ci/plugins/workflow/workflow-cps/2.45/workflow-cps-2.45.jar:/root/.m2/repository/org/jenkins-ci/plugins/workflow/workflow-scm-step/2.4/workflow-scm-step-2.4.jar:/root/.m2/repository/com/cloudbees/groovy-cps/1.22/groovy-cps-1.22.jar:/root/.m2/repository/org/jenkins-ci/ui/jquery-detached/1.2.1/jquery-detached-1.2.1.jar:/root/.m2/repository/org/jenkins-ci/ui/ace-editor/1.0.1/ace-editor-1.0.1.jar:/root/.m2/repository/com/cloudbees/diff4j/1.2/diff4j-1.2.jar:/root/.m2/repository/org/jenkins-ci/plugins/workflow/workflow-job/2.17/workflow-job-2.17.jar:/root/.m2/repository/org/jenkins-ci/plugins/workflow/workflow-durable-task-step/2.19/workflow-durable-task-step-2.19.jar:/root/.m2/repository/org/jenkins-ci/plugins/durable-task/1.18/durable-task-1.18.jar:/root/.m2/repository/org/jenkins-ci/plugins/workflow/workflow-basic-steps/2.6/workflow-basic-steps-2.6.jar:/root/.m2/repository/org/jenkins-ci/plugins/structs/1.14/structs-1.14.jar:/root/.m2/repository/org/jenkins-ci/symbol-annotation/1.14/symbol-annotation-1.14.jar:/root/.m2/repository/org/jenkins-ci/plugins/mailer/1.18/mailer-1.18.jar:/root/.m2/repository/org/jenkins-ci/plugins/display-url-api/0.2/display-url-api-0.2.jar:/root/.m2/repository/org/jenkinsci/plugins/pipeline-model-definition/1.2.7/pipeline-model-definition-1.2.7.jar:/root/.m2/repository/org/jenkinsci/plugins/pipeline-model-api/1.2.7/pipeline-model-api-1.2.7.jar:/root/.m2/repository/org/jenkins-ci/lib/pipeline-model-json-shaded/1.2.7/pipeline-model-json-shaded-1.2.7.jar:/root/.m2/repository/org/jenkinsci/plugins/pipeline-model-extensions/1.2.7/pipeline-model-extensions-1.2.7.jar:/root/.m2/repository/org/jenkinsci/plugins/pipeline-stage-tags-metadata/1.2.7/pipeline-stage-tags-metadata-1.2.7.jar:/root/.m2/repository/org/jenkins-ci/plugins/workflow/workflow-multibranch/2.9.2/workflow-multibranch-2.9.2.jar:/root/.m2/repository/org/jenkins-ci/plugins/branch-api/1.11/branch-api-1.11.jar:/root/.m2/repository/org/jenkins-ci/plugins/cloudbees-folder/5.12/cloudbees-folder-5.12.jar:/root/.m2/repository/org/jenkins-ci/plugins/pipeline-stage-step/2.2/pipeline-stage-step-2.2.jar:/root/.m2/repository/org/jenkins-ci/plugins/docker-workflow/1.9/docker-workflow-1.9.jar:/root/.m2/repository/org/jenkins-ci/plugins/docker-commons/1.5/docker-commons-1.5.jar:/root/.m2/repository/org/jenkins-ci/plugins/authentication-tokens/1.1/authentication-tokens-1.1.jar:/root/.m2/repository/org/jenkins-ci/plugins/icon-shim/icon-shim/1.0.3/icon-shim-1.0.3.jar:/root/.m2/repository/org/jenkins-ci/plugins/credentials-binding/1.13/credentials-binding-1.13.jar:/root/.m2/repository/org/jenkins-ci/plugins/plain-credentials/1.3/plain-credentials-1.3.jar:/root/.m2/repository/org/jenkins-ci/plugins/ssh-credentials/1.13/ssh-credentials-1.13.jar:/root/.m2/repository/org/jenkins-ci/plugins/workflow/workflow-cps-global-lib/2.7/workflow-cps-global-lib-2.7.jar:/root/.m2/repository/org/jenkins-ci/plugins/git-server/1.5/git-server-1.5.jar:/root/.m2/repository/org/apache/ivy/ivy/2.4.0/ivy-2.4.0.jar:/root/.m2/repository/org/jenkins-ci/plugins/git-client/2.5.0/git-client-2.5.0.jar:/root/.m2/repository/org/eclipse/jgit/org.eclipse.jgit/4.5.2.201704071617-r/org.eclipse.jgit-4.5.2.201704071617-r.jar:/root/.m2/repository/com/googlecode/javaewah/JavaEWAH/0.7.9/JavaEWAH-0.7.9.jar:/root/.m2/repository/org/eclipse/jgit/org.eclipse.jgit.http.server/4.5.2.201704071617-r/org.eclipse.jgit.http.server-4.5.2.201704071617-r.jar:/root/.m2/repository/org/eclipse/jgit/org.eclipse.jgit.http.apache/4.5.2.201704071617-r/org.eclipse.jgit.http.apache-4.5.2.201704071617-r.jar:/root/.m2/repository/org/jenkins-ci/plugins/credentials/2.1.13/credentials-2.1.13.jar:/root/.m2/repository/org/antlr/antlr4-runtime/4.5/antlr4-runtime-4.5.jar:/root/.m2/repository/org/abego/treelayout/org.abego.treelayout.core/1.0.1/org.abego.treelayout.core-1.0.1.jar:/root/.m2/repository/org/jenkins-ci/plugins/pipeline-input-step/2.8/pipeline-input-step-2.8.jar:/root/.m2/repository/org/jenkinsci/plugins/pipeline-model-declarative-agent/1.1.1/pipeline-model-declarative-agent-1.1.1.jar:/root/.m2/repository/com/github/spotbugs/spotbugs-annotations/3.1.11/spotbugs-annotations-3.1.11.jar:/root/.m2/repository/com/google/code/findbugs/jsr305/3.0.2/jsr305-3.0.2.jar:/root/.m2/repository/net/jcip/jcip-annotations/1.0/jcip-annotations-1.0.jar:/root/.m2/repository/org/codehaus/mojo/animal-sniffer-annotations/1.17/animal-sniffer-annotations-1.17.jar:/root/.m2/repository/javax/servlet/javax.servlet-api/3.1.0/javax.servlet-api-3.1.0.jar:/root/.m2/repository/org/jenkins-ci/main/jenkins-core/2.89.4/jenkins-core-2.89.4.jar:/root/.m2/repository/org/jenkins-ci/plugins/icon-shim/icon-set/1.0.5/icon-set-1.0.5.jar:/root/.m2/repository/org/jenkins-ci/main/remoting/3.14/remoting-3.14.jar:/root/.m2/repository/org/jenkins-ci/constant-pool-scanner/1.2/constant-pool-scanner-1.2.jar:/root/.m2/repository/org/jenkins-ci/main/cli/2.89.4/cli-2.89.4.jar:/root/.m2/repository/org/jenkins-ci/version-number/1.4/version-number-1.4.jar:/root/.m2/repository/org/jenkins-ci/crypto-util/1.1/crypto-util-1.1.jar:/root/.m2/repository/org/jvnet/hudson/jtidy/4aug2000r7-dev-hudson-1/jtidy-4aug2000r7-dev-hudson-1.jar:/root/.m2/repository/com/google/inject/guice/4.0/guice-4.0.jar:/root/.m2/repository/javax/inject/javax.inject/1/javax.inject-1.jar:/root/.m2/repository/aopalliance/aopalliance/1.0/aopalliance-1.0.jar:/root/.m2/repository/org/jruby/ext/posix/jna-posix/1.0.3-jenkins-1/jna-posix-1.0.3-jenkins-1.jar:/root/.m2/repository/com/github/jnr/jnr-posix/3.0.41/jnr-posix-3.0.41.jar:/root/.m2/repository/com/github/jnr/jnr-ffi/2.1.4/jnr-ffi-2.1.4.jar:/root/.m2/repository/com/github/jnr/jffi/1.2.15/jffi-1.2.15.jar:/root/.m2/repository/com/github/jnr/jffi/1.2.15/jffi-1.2.15-native.jar:/root/.m2/repository/org/ow2/asm/asm/5.0.3/asm-5.0.3.jar:/root/.m2/repository/org/ow2/asm/asm-commons/5.0.3/asm-commons-5.0.3.jar:/root/.m2/repository/org/ow2/asm/asm-analysis/5.0.3/asm-analysis-5.0.3.jar:/root/.m2/repository/org/ow2/asm/asm-tree/5.0.3/asm-tree-5.0.3.jar:/root/.m2/repository/org/ow2/asm/asm-util/5.0.3/asm-util-5.0.3.jar:/root/.m2/repository/com/github/jnr/jnr-x86asm/1.0.2/jnr-x86asm-1.0.2.jar:/root/.m2/repository/com/github/jnr/jnr-constants/0.9.8/jnr-constants-0.9.8.jar:/root/.m2/repository/org/kohsuke/trilead-putty-extension/1.2/trilead-putty-extension-1.2.jar:/root/.m2/repository/org/jenkins-ci/trilead-ssh2/build-217-jenkins-11/trilead-ssh2-build-217-jenkins-11.jar:/root/.m2/repository/net/i2p/crypto/eddsa/0.2.0/eddsa-0.2.0.jar:/root/.m2/repository/org/connectbot/jbcrypt/jbcrypt/1.0.0/jbcrypt-1.0.0.jar:/root/.m2/repository/org/kohsuke/stapler/stapler-groovy/1.254/stapler-groovy-1.254.jar:/root/.m2/repository/org/kohsuke/stapler/stapler-jelly/1.254/stapler-jelly-1.254.jar:/root/.m2/repository/org/jenkins-ci/commons-jelly/1.1-jenkins-20120928/commons-jelly-1.1-jenkins-20120928.jar:/root/.m2/repository/org/jenkins-ci/dom4j/dom4j/1.6.1-jenkins-4/dom4j-1.6.1-jenkins-4.jar:/root/.m2/repository/org/kohsuke/stapler/stapler-jrebel/1.254/stapler-jrebel-1.254.jar:/root/.m2/repository/org/kohsuke/stapler/stapler/1.254/stapler-1.254.jar:/root/.m2/repository/javax/annotation/javax.annotation-api/1.2/javax.annotation-api-1.2.jar:/root/.m2/repository/commons-discovery/commons-discovery/0.4/commons-discovery-0.4.jar:/root/.m2/repository/org/jvnet/tiger-types/2.2/tiger-types-2.2.jar:/root/.m2/repository/org/kohsuke/windows-package-checker/1.2/windows-package-checker-1.2.jar:/root/.m2/repository/org/kohsuke/stapler/stapler-adjunct-zeroclipboard/1.3.5-1/stapler-adjunct-zeroclipboard-1.3.5-1.jar:/root/.m2/repository/org/kohsuke/stapler/stapler-adjunct-timeline/1.5/stapler-adjunct-timeline-1.5.jar:/root/.m2/repository/org/kohsuke/stapler/stapler-adjunct-codemirror/1.3/stapler-adjunct-codemirror-1.3.jar:/root/.m2/repository/com/infradna/tool/bridge-method-annotation/1.13/bridge-method-annotation-1.13.jar:/root/.m2/repository/org/kohsuke/stapler/json-lib/2.4-jenkins-2/json-lib-2.4-jenkins-2.jar:/root/.m2/repository/net/sf/ezmorph/ezmorph/1.0.6/ezmorph-1.0.6.jar:/root/.m2/repository/commons-httpclient/commons-httpclient/3.1-jenkins-1/commons-httpclient-3.1-jenkins-1.jar:/root/.m2/repository/args4j/args4j/2.0.31/args4j-2.0.31.jar:/root/.m2/repository/org/jenkins-ci/annotation-indexer/1.12/annotation-indexer-1.12.jar:/root/.m2/repository/org/jenkins-ci/bytecode-compatibility-transformer/1.8/bytecode-compatibility-transformer-1.8.jar:/root/.m2/repository/org/kohsuke/asm5/5.0.1/asm5-5.0.1.jar:/root/.m2/repository/org/jenkins-ci/task-reactor/1.4/task-reactor-1.4.jar:/root/.m2/repository/org/jvnet/localizer/localizer/1.24/localizer-1.24.jar:/root/.m2/repository/antlr/antlr/2.7.6/antlr-2.7.6.jar:/root/.m2/repository/org/jvnet/hudson/xstream/1.4.7-jenkins-1/xstream-1.4.7-jenkins-1.jar:/root/.m2/repository/jfree/jfreechart/1.0.9/jfreechart-1.0.9.jar:/root/.m2/repository/jfree/jcommon/1.0.12/jcommon-1.0.12.jar:/root/.m2/repository/org/apache/ant/ant/1.9.2/ant-1.9.2.jar:/root/.m2/repository/org/apache/ant/ant-launcher/1.9.2/ant-launcher-1.9.2.jar:/root/.m2/repository/commons-lang/commons-lang/2.6/commons-lang-2.6.jar:/root/.m2/repository/commons-digester/commons-digester/2.1/commons-digester-2.1.jar:/root/.m2/repository/commons-beanutils/commons-beanutils/1.8.3/commons-beanutils-1.8.3.jar:/root/.m2/repository/org/apache/commons/commons-compress/1.10/commons-compress-1.10.jar:/root/.m2/repository/javax/mail/mail/1.4.4/mail-1.4.4.jar:/root/.m2/repository/org/jvnet/hudson/activation/1.1.1-hudson-1/activation-1.1.1-hudson-1.jar:/root/.m2/repository/jaxen/jaxen/1.1-beta-11/jaxen-1.1-beta-11.jar:/root/.m2/repository/commons-jelly/commons-jelly-tags-fmt/1.0/commons-jelly-tags-fmt-1.0.jar:/root/.m2/repository/commons-jelly/commons-jelly-tags-xml/1.1/commons-jelly-tags-xml-1.1.jar:/root/.m2/repository/org/jvnet/hudson/commons-jelly-tags-define/1.0.1-hudson-20071021/commons-jelly-tags-define-1.0.1-hudson-20071021.jar:/root/.m2/repository/org/jenkins-ci/commons-jexl/1.1-jenkins-20111212/commons-jexl-1.1-jenkins-20111212.jar:/root/.m2/repository/org/acegisecurity/acegi-security/1.0.7/acegi-security-1.0.7.jar:/root/.m2/repository/org/springframework/spring-jdbc/1.2.9/spring-jdbc-1.2.9.jar:/root/.m2/repository/org/springframework/spring-dao/1.2.9/spring-dao-1.2.9.jar:/root/.m2/repository/oro/oro/2.0.8/oro-2.0.8.jar:/root/.m2/repository/log4j/log4j/1.2.17/log4j-1.2.17.jar:/root/.m2/repository/org/codehaus/groovy/groovy-all/2.4.11/groovy-all-2.4.11.jar:/root/.m2/repository/jline/jline/2.12/jline-2.12.jar:/root/.m2/repository/org/fusesource/jansi/jansi/1.11/jansi-1.11.jar:/root/.m2/repository/org/springframework/spring-webmvc/2.5.6.SEC03/spring-webmvc-2.5.6.SEC03.jar:/root/.m2/repository/org/springframework/spring-beans/2.5.6.SEC03/spring-beans-2.5.6.SEC03.jar:/root/.m2/repository/org/springframework/spring-context/2.5.6.SEC03/spring-context-2.5.6.SEC03.jar:/root/.m2/repository/org/springframework/spring-context-support/2.5.6.SEC03/spring-context-support-2.5.6.SEC03.jar:/root/.m2/repository/org/springframework/spring-web/2.5.6.SEC03/spring-web-2.5.6.SEC03.jar:/root/.m2/repository/org/springframework/spring-core/2.5.6.SEC03/spring-core-2.5.6.SEC03.jar:/root/.m2/repository/org/springframework/spring-aop/2.5.6.SEC03/spring-aop-2.5.6.SEC03.jar:/root/.m2/repository/xpp3/xpp3/1.1.4c/xpp3-1.1.4c.jar:/root/.m2/repository/javax/servlet/jsp/jstl/javax.servlet.jsp.jstl-api/1.2.1/javax.servlet.jsp.jstl-api-1.2.1.jar:/root/.m2/repository/com/sun/xml/txw2/txw2/20110809/txw2-20110809.jar:/root/.m2/repository/javax/xml/stream/stax-api/1.0-2/stax-api-1.0-2.jar:/root/.m2/repository/relaxngDatatype/relaxngDatatype/20020414/relaxngDatatype-20020414.jar:/root/.m2/repository/commons-collections/commons-collections/3.2.2/commons-collections-3.2.2.jar:/root/.m2/repository/org/jvnet/winp/winp/1.25/winp-1.25.jar:/root/.m2/repository/org/jenkins-ci/memory-monitor/1.9/memory-monitor-1.9.jar:/root/.m2/repository/org/codehaus/woodstox/wstx-asl/3.2.9/wstx-asl-3.2.9.jar:/root/.m2/repository/stax/stax-api/1.0.1/stax-api-1.0.1.jar:/root/.m2/repository/org/jenkins-ci/jmdns/3.4.0-jenkins-3/jmdns-3.4.0-jenkins-3.jar:/root/.m2/repository/net/java/dev/jna/jna/4.2.1/jna-4.2.1.jar:/root/.m2/repository/org/kohsuke/akuma/1.10/akuma-1.10.jar:/root/.m2/repository/org/kohsuke/libpam4j/1.8/libpam4j-1.8.jar:/root/.m2/repository/org/kohsuke/libzfs/0.8/libzfs-0.8.jar:/root/.m2/repository/com/sun/solaris/embedded_su4j/1.1/embedded_su4j-1.1.jar:/root/.m2/repository/net/java/sezpoz/sezpoz/1.12/sezpoz-1.12.jar:/root/.m2/repository/org/kohsuke/jinterop/j-interop/2.0.6-kohsuke-1/j-interop-2.0.6-kohsuke-1.jar:/root/.m2/repository/org/kohsuke/jinterop/j-interopdeps/2.0.6-kohsuke-1/j-interopdeps-2.0.6-kohsuke-1.jar:/root/.m2/repository/org/samba/jcifs/jcifs/1.2.19/jcifs-1.2.19.jar:/root/.m2/repository/org/jvnet/robust-http-client/robust-http-client/1.2/robust-http-client-1.2.jar:/root/.m2/repository/commons-codec/commons-codec/1.9/commons-codec-1.9.jar:/root/.m2/repository/commons-fileupload/commons-fileupload/1.3.1-jenkins-2/commons-fileupload-1.3.1-jenkins-2.jar:/root/.m2/repository/com/jcraft/jzlib/1.1.3-kohsuke-1/jzlib-1.1.3-kohsuke-1.jar:/root/.m2/repository/org/jenkins-ci/main/jenkins-war/2.89.4/jenkins-war-2.89.4.war:/root/.m2/repository/org/jenkins-ci/modules/instance-identity/2.1/instance-identity-2.1.jar:/root/.m2/repository/io/github/stephenc/crypto/self-signed-cert-generator/1.0.0/self-signed-cert-generator-1.0.0.jar:/root/.m2/repository/org/jenkins-ci/modules/ssh-cli-auth/1.4/ssh-cli-auth-1.4.jar:/root/.m2/repository/org/jenkins-ci/modules/slave-installer/1.6/slave-installer-1.6.jar:/root/.m2/repository/org/jenkins-ci/modules/windows-slave-installer/1.9.2/windows-slave-installer-1.9.2.jar:/root/.m2/repository/org/jenkins-ci/modules/launchd-slave-installer/1.2/launchd-slave-installer-1.2.jar:/root/.m2/repository/org/jenkins-ci/modules/upstart-slave-installer/1.1/upstart-slave-installer-1.1.jar:/root/.m2/repository/org/jenkins-ci/modules/systemd-slave-installer/1.1/systemd-slave-installer-1.1.jar:/root/.m2/repository/org/jenkins-ci/modules/sshd/2.0/sshd-2.0.jar:/root/.m2/repository/org/apache/sshd/sshd-core/1.6.0/sshd-core-1.6.0.jar:/root/.m2/repository/org/jenkins-ci/ui/jquery-detached/1.2.1/jquery-detached-1.2.1-core-assets.jar:/root/.m2/repository/org/jenkins-ci/ui/bootstrap/1.3.2/bootstrap-1.3.2-core-assets.jar:/root/.m2/repository/org/jenkins-ci/ui/handlebars/1.1.1/handlebars-1.1.1-core-assets.jar:/root/.m2/repository/org/jenkins-ci/main/jenkins-test-harness/2.47/jenkins-test-harness-2.47.jar:/root/.m2/repository/org/eclipse/jetty/jetty-webapp/9.4.5.v20170502/jetty-webapp-9.4.5.v20170502.jar:/root/.m2/repository/org/eclipse/jetty/jetty-xml/9.4.5.v20170502/jetty-xml-9.4.5.v20170502.jar:/root/.m2/repository/org/eclipse/jetty/jetty-util/9.4.5.v20170502/jetty-util-9.4.5.v20170502.jar:/root/.m2/repository/org/eclipse/jetty/jetty-servlet/9.4.5.v20170502/jetty-servlet-9.4.5.v20170502.jar:/root/.m2/repository/org/eclipse/jetty/jetty-security/9.4.5.v20170502/jetty-security-9.4.5.v20170502.jar:/root/.m2/repository/org/eclipse/jetty/jetty-server/9.4.5.v20170502/jetty-server-9.4.5.v20170502.jar:/root/.m2/repository/org/eclipse/jetty/jetty-http/9.4.5.v20170502/jetty-http-9.4.5.v20170502.jar:/root/.m2/repository/org/eclipse/jetty/jetty-io/9.4.5.v20170502/jetty-io-9.4.5.v20170502.jar:/root/.m2/repository/org/hamcrest/hamcrest-library/1.3/hamcrest-library-1.3.jar:/root/.m2/repository/org/jenkins-ci/main/jenkins-test-harness-htmlunit/2.31-2/jenkins-test-harness-htmlunit-2.31-2.jar:/root/.m2/repository/xalan/serializer/2.7.2/serializer-2.7.2.jar:/root/.m2/repository/org/apache/commons/commons-text/1.3/commons-text-1.3.jar:/root/.m2/repository/xml-apis/xml-apis/1.4.01/xml-apis-1.4.01.jar:/root/.m2/repository/org/eclipse/jetty/websocket/websocket-client/9.4.10.v20180503/websocket-client-9.4.10.v20180503.jar:/root/.m2/repository/org/eclipse/jetty/websocket/websocket-common/9.4.10.v20180503/websocket-common-9.4.10.v20180503.jar:/root/.m2/repository/org/eclipse/jetty/websocket/websocket-api/9.4.10.v20180503/websocket-api-9.4.10.v20180503.jar:/root/.m2/repository/org/jvnet/hudson/embedded-rhino-debugger/1.2/embedded-rhino-debugger-1.2.jar:/root/.m2/repository/org/netbeans/modules/org-netbeans-insane/RELEASE72/org-netbeans-insane-RELEASE72.jar:/root/.m2/repository/com/github/stephenc/findbugs/findbugs-annotations/1.3.9-1/findbugs-annotations-1.3.9-1.jar:/root/.m2/repository/org/jenkins-ci/test-annotations/1.3/test-annotations-1.3.jar:/root/.m2/repository/junit/junit/4.12/junit-4.12.jar:/root/.m2/repository/org/hamcrest/hamcrest-core/1.3/hamcrest-core-1.3.jar:/root/.m2/repository/org/slf4j/slf4j-api/1.7.25/slf4j-api-1.7.25.jar:/root/.m2/repository/org/slf4j/log4j-over-slf4j/1.7.25/log4j-over-slf4j-1.7.25.jar:/root/.m2/repository/org/slf4j/jcl-over-slf4j/1.7.25/jcl-over-slf4j-1.7.25.jar:/root/.m2/repository/org/slf4j/slf4j-jdk14/1.7.25/slf4j-jdk14-1.7.25.jar:/root/.m2/repository/org/kohsuke/access-modifier-annotation/1.16/access-modifier-annotation-1.16.jar:/root/.m2/repository/commons-logging/commons-logging/1.2/commons-logging-1.2.jar:"/>
    <property name="java.vm.vendor" value="Oracle Corporation"/>
    <property name="sun.arch.data.model" value="64"/>
    <property name="java.vendor.url" value="http://java.oracle.com/"/>
    <property name="user.timezone" value=""/>
    <property name="java.vm.specification.version" value="1.8"/>
    <property name="os.name" value="Linux"/>
    <property name="user.country" value="US"/>
    <property name="sun.java.launcher" value="SUN_STANDARD"/>
    <property name="sun.boot.library.path" value="/usr/lib/jvm/java-1.8.0-openjdk-1.8.0.212.b04-0.el7_6.x86_64/jre/lib/amd64"/>
    <property name="sun.java.command" value="/opt/git-repo/target/surefire/surefirebooter1813930974235044693.jar /opt/git-repo/target/surefire 2019-05-16T13-39-45_395-jvmRun1 surefire4252169362254395110tmp surefire_09139872405772220305tmp"/>
    <property name="surefire.test.class.path" value="/opt/git-repo/target/test-classes:/opt/git-repo/target/classes:/root/.m2/repository/org/apache/commons/commons-lang3/3.7/commons-lang3-3.7.jar:/root/.m2/repository/org/sonarsource/sonarqube/sonar-ws/6.7/sonar-ws-6.7.jar:/root/.m2/repository/com/google/protobuf/protobuf-java/3.0.0-beta-2/protobuf-java-3.0.0-beta-2.jar:/root/.m2/repository/com/google/guava/guava/18.0/guava-18.0.jar:/root/.m2/repository/com/squareup/okhttp3/okhttp/3.7.0/okhttp-3.7.0.jar:/root/.m2/repository/com/squareup/okio/okio/1.12.0/okio-1.12.0.jar:/root/.m2/repository/commons-io/commons-io/2.5/commons-io-2.5.jar:/root/.m2/repository/org/jenkins-ci/main/maven-plugin/2.17/maven-plugin-2.17.jar:/root/.m2/repository/org/jenkins-ci/plugins/javadoc/1.0/javadoc-1.0.jar:/root/.m2/repository/org/jenkins-ci/plugins/junit/1.6/junit-1.6.jar:/root/.m2/repository/org/jenkins-ci/main/maven/maven-agent/1.11/maven-agent-1.11.jar:/root/.m2/repository/org/jenkins-ci/main/maven/maven-interceptor/1.11/maven-interceptor-1.11.jar:/root/.m2/repository/org/jvnet/hudson/maven2.1-interceptor/1.2/maven2.1-interceptor-1.2.jar:/root/.m2/repository/org/jenkins-ci/main/maven/maven3-agent/1.11/maven3-agent-1.11.jar:/root/.m2/repository/org/jenkins-ci/main/maven/maven31-agent/1.11/maven31-agent-1.11.jar:/root/.m2/repository/org/jenkins-ci/main/maven/maven32-agent/1.11/maven32-agent-1.11.jar:/root/.m2/repository/org/jenkins-ci/main/maven/maven33-agent/1.11/maven33-agent-1.11.jar:/root/.m2/repository/org/jenkins-ci/main/maven/maven35-agent/1.11/maven35-agent-1.11.jar:/root/.m2/repository/org/jenkins-ci/main/maven/maven3-interceptor/1.11/maven3-interceptor-1.11.jar:/root/.m2/repository/org/jenkins-ci/main/maven/maven31-interceptor/1.11/maven31-interceptor-1.11.jar:/root/.m2/repository/org/jenkins-ci/main/maven/maven32-interceptor/1.11/maven32-interceptor-1.11.jar:/root/.m2/repository/org/jenkins-ci/main/maven/maven33-interceptor/1.11/maven33-interceptor-1.11.jar:/root/.m2/repository/org/jenkins-ci/main/maven/maven35-interceptor/1.11/maven35-interceptor-1.11.jar:/root/.m2/repository/org/jenkins-ci/main/maven/maven3-interceptor-commons/1.11/maven3-interceptor-commons-1.11.jar:/root/.m2/repository/org/apache/maven/maven-core/3.5.0/maven-core-3.5.0.jar:/root/.m2/repository/org/apache/maven/maven-model/3.5.0/maven-model-3.5.0.jar:/root/.m2/repository/org/apache/maven/maven-settings/3.5.0/maven-settings-3.5.0.jar:/root/.m2/repository/org/apache/maven/maven-settings-builder/3.5.0/maven-settings-builder-3.5.0.jar:/root/.m2/repository/org/apache/maven/maven-builder-support/3.5.0/maven-builder-support-3.5.0.jar:/root/.m2/repository/org/apache/maven/maven-repository-metadata/3.5.0/maven-repository-metadata-3.5.0.jar:/root/.m2/repository/org/apache/maven/maven-artifact/3.5.0/maven-artifact-3.5.0.jar:/root/.m2/repository/org/apache/maven/maven-plugin-api/3.5.0/maven-plugin-api-3.5.0.jar:/root/.m2/repository/org/apache/maven/maven-model-builder/3.5.0/maven-model-builder-3.5.0.jar:/root/.m2/repository/org/apache/maven/maven-resolver-provider/3.5.0/maven-resolver-provider-3.5.0.jar:/root/.m2/repository/org/apache/maven/resolver/maven-resolver-impl/1.0.3/maven-resolver-impl-1.0.3.jar:/root/.m2/repository/org/apache/maven/resolver/maven-resolver-api/1.0.3/maven-resolver-api-1.0.3.jar:/root/.m2/repository/org/apache/maven/resolver/maven-resolver-spi/1.0.3/maven-resolver-spi-1.0.3.jar:/root/.m2/repository/org/apache/maven/resolver/maven-resolver-util/1.0.3/maven-resolver-util-1.0.3.jar:/root/.m2/repository/org/apache/maven/shared/maven-shared-utils/3.1.0/maven-shared-utils-3.1.0.jar:/root/.m2/repository/com/google/inject/guice/4.0/guice-4.0-no_aop.jar:/root/.m2/repository/org/codehaus/plexus/plexus-interpolation/1.24/plexus-interpolation-1.24.jar:/root/.m2/repository/org/codehaus/plexus/plexus-utils/3.0.24/plexus-utils-3.0.24.jar:/root/.m2/repository/org/codehaus/plexus/plexus-component-annotations/1.7.1/plexus-component-annotations-1.7.1.jar:/root/.m2/repository/org/sonatype/plexus/plexus-sec-dispatcher/1.4/plexus-sec-dispatcher-1.4.jar:/root/.m2/repository/org/apache/maven/maven-compat/3.5.0/maven-compat-3.5.0.jar:/root/.m2/repository/org/apache/maven/maven-aether-provider/3.3.1/maven-aether-provider-3.3.1.jar:/root/.m2/repository/org/apache/maven/maven-embedder/3.5.0/maven-embedder-3.5.0.jar:/root/.m2/repository/org/sonatype/plexus/plexus-cipher/1.7/plexus-cipher-1.7.jar:/root/.m2/repository/commons-cli/commons-cli/1.4/commons-cli-1.4.jar:/root/.m2/repository/org/eclipse/aether/aether-api/1.1.0/aether-api-1.1.0.jar:/root/.m2/repository/org/eclipse/aether/aether-impl/1.1.0/aether-impl-1.1.0.jar:/root/.m2/repository/org/eclipse/aether/aether-spi/1.1.0/aether-spi-1.1.0.jar:/root/.m2/repository/org/eclipse/aether/aether-util/1.1.0/aether-util-1.1.0.jar:/root/.m2/repository/org/eclipse/aether/aether-transport-wagon/1.1.0/aether-transport-wagon-1.1.0.jar:/root/.m2/repository/org/eclipse/aether/aether-connector-basic/1.1.0/aether-connector-basic-1.1.0.jar:/root/.m2/repository/org/eclipse/sisu/org.eclipse.sisu.plexus/0.3.3/org.eclipse.sisu.plexus-0.3.3.jar:/root/.m2/repository/javax/enterprise/cdi-api/1.0/cdi-api-1.0.jar:/root/.m2/repository/javax/annotation/jsr250-api/1.0/jsr250-api-1.0.jar:/root/.m2/repository/org/eclipse/sisu/org.eclipse.sisu.inject/0.3.3/org.eclipse.sisu.inject-0.3.3.jar:/root/.m2/repository/org/apache/maven/wagon/wagon-http/2.12/wagon-http-2.12.jar:/root/.m2/repository/org/apache/maven/wagon/wagon-http-shared/2.12/wagon-http-shared-2.12.jar:/root/.m2/repository/org/jsoup/jsoup/1.7.2/jsoup-1.7.2.jar:/root/.m2/repository/org/apache/httpcomponents/httpclient/4.5.2/httpclient-4.5.2.jar:/root/.m2/repository/org/apache/httpcomponents/httpcore/4.4.4/httpcore-4.4.4.jar:/root/.m2/repository/org/apache/maven/wagon/wagon-file/2.12/wagon-file-2.12.jar:/root/.m2/repository/org/apache/maven/wagon/wagon-ftp/2.12/wagon-ftp-2.12.jar:/root/.m2/repository/commons-net/commons-net/3.6/commons-net-3.6.jar:/root/.m2/repository/org/apache/maven/wagon/wagon-ssh/2.12/wagon-ssh-2.12.jar:/root/.m2/repository/com/jcraft/jsch/0.1.54/jsch-0.1.54.jar:/root/.m2/repository/com/jcraft/jsch.agentproxy.connector-factory/0.0.9/jsch.agentproxy.connector-factory-0.0.9.jar:/root/.m2/repository/com/jcraft/jsch.agentproxy.core/0.0.9/jsch.agentproxy.core-0.0.9.jar:/root/.m2/repository/com/jcraft/jsch.agentproxy.usocket-jna/0.0.9/jsch.agentproxy.usocket-jna-0.0.9.jar:/root/.m2/repository/net/java/dev/jna/jna-platform/4.1.0/jna-platform-4.1.0.jar:/root/.m2/repository/com/jcraft/jsch.agentproxy.usocket-nc/0.0.9/jsch.agentproxy.usocket-nc-0.0.9.jar:/root/.m2/repository/com/jcraft/jsch.agentproxy.sshagent/0.0.9/jsch.agentproxy.sshagent-0.0.9.jar:/root/.m2/repository/com/jcraft/jsch.agentproxy.pageant/0.0.9/jsch.agentproxy.pageant-0.0.9.jar:/root/.m2/repository/com/jcraft/jsch.agentproxy.jsch/0.0.9/jsch.agentproxy.jsch-0.0.9.jar:/root/.m2/repository/org/codehaus/plexus/plexus-interactivity-api/1.0-alpha-6/plexus-interactivity-api-1.0-alpha-6.jar:/root/.m2/repository/org/apache/maven/wagon/wagon-ssh-common/2.12/wagon-ssh-common-2.12.jar:/root/.m2/repository/org/apache/maven/wagon/wagon-ssh-external/2.12/wagon-ssh-external-2.12.jar:/root/.m2/repository/org/apache/maven/wagon/wagon-provider-api/2.12/wagon-provider-api-2.12.jar:/root/.m2/repository/org/apache/maven/reporting/maven-reporting-api/3.0/maven-reporting-api-3.0.jar:/root/.m2/repository/org/apache/maven/doxia/doxia-sink-api/1.0/doxia-sink-api-1.0.jar:/root/.m2/repository/org/codehaus/plexus/plexus-classworlds/2.5.2/plexus-classworlds-2.5.2.jar:/root/.m2/repository/org/jenkins-ci/lib/lib-jenkins-maven-artifact-manager/1.2/lib-jenkins-maven-artifact-manager-1.2.jar:/root/.m2/repository/org/jenkins-ci/lib/lib-jenkins-maven-embedder/3.12.1/lib-jenkins-maven-embedder-3.12.1.jar:/root/.m2/repository/org/apache/maven/wagon/wagon-webdav-jackrabbit/2.12/wagon-webdav-jackrabbit-2.12.jar:/root/.m2/repository/org/apache/jackrabbit/jackrabbit-webdav/2.5.2/jackrabbit-webdav-2.5.2.jar:/root/.m2/repository/org/jenkins-ci/plugins/configurationslicing/1.47/configurationslicing-1.47.jar:/root/.m2/repository/org/jenkins-ci/plugins/workflow/workflow-support/2.18/workflow-support-2.18.jar:/root/.m2/repository/org/jenkins-ci/plugins/workflow/workflow-step-api/2.14/workflow-step-api-2.14.jar:/root/.m2/repository/org/jenkins-ci/plugins/workflow/workflow-api/2.25/workflow-api-2.25.jar:/root/.m2/repository/org/jenkins-ci/plugins/scm-api/2.2.6/scm-api-2.2.6.jar:/root/.m2/repository/org/jenkins-ci/plugins/script-security/1.39/script-security-1.39.jar:/root/.m2/repository/org/kohsuke/groovy-sandbox/1.16/groovy-sandbox-1.16.jar:/root/.m2/repository/org/jboss/marshalling/jboss-marshalling-river/1.4.12.jenkins-3/jboss-marshalling-river-1.4.12.jenkins-3.jar:/root/.m2/repository/org/jboss/marshalling/jboss-marshalling/1.4.12.jenkins-3/jboss-marshalling-1.4.12.jenkins-3.jar:/root/.m2/repository/org/mockito/mockito-core/2.24.5/mockito-core-2.24.5.jar:/root/.m2/repository/net/bytebuddy/byte-buddy/1.9.7/byte-buddy-1.9.7.jar:/root/.m2/repository/net/bytebuddy/byte-buddy-agent/1.9.7/byte-buddy-agent-1.9.7.jar:/root/.m2/repository/org/objenesis/objenesis/3.0.1/objenesis-3.0.1.jar:/root/.m2/repository/org/assertj/assertj-core/3.11.1/assertj-core-3.11.1.jar:/root/.m2/repository/org/jenkins-ci/plugins/workflow/workflow-cps/2.45/workflow-cps-2.45.jar:/root/.m2/repository/org/jenkins-ci/plugins/workflow/workflow-scm-step/2.4/workflow-scm-step-2.4.jar:/root/.m2/repository/com/cloudbees/groovy-cps/1.22/groovy-cps-1.22.jar:/root/.m2/repository/org/jenkins-ci/ui/jquery-detached/1.2.1/jquery-detached-1.2.1.jar:/root/.m2/repository/org/jenkins-ci/ui/ace-editor/1.0.1/ace-editor-1.0.1.jar:/root/.m2/repository/com/cloudbees/diff4j/1.2/diff4j-1.2.jar:/root/.m2/repository/org/jenkins-ci/plugins/workflow/workflow-job/2.17/workflow-job-2.17.jar:/root/.m2/repository/org/jenkins-ci/plugins/workflow/workflow-durable-task-step/2.19/workflow-durable-task-step-2.19.jar:/root/.m2/repository/org/jenkins-ci/plugins/durable-task/1.18/durable-task-1.18.jar:/root/.m2/repository/org/jenkins-ci/plugins/workflow/workflow-basic-steps/2.6/workflow-basic-steps-2.6.jar:/root/.m2/repository/org/jenkins-ci/plugins/structs/1.14/structs-1.14.jar:/root/.m2/repository/org/jenkins-ci/symbol-annotation/1.14/symbol-annotation-1.14.jar:/root/.m2/repository/org/jenkins-ci/plugins/mailer/1.18/mailer-1.18.jar:/root/.m2/repository/org/jenkins-ci/plugins/display-url-api/0.2/display-url-api-0.2.jar:/root/.m2/repository/org/jenkinsci/plugins/pipeline-model-definition/1.2.7/pipeline-model-definition-1.2.7.jar:/root/.m2/repository/org/jenkinsci/plugins/pipeline-model-api/1.2.7/pipeline-model-api-1.2.7.jar:/root/.m2/repository/org/jenkins-ci/lib/pipeline-model-json-shaded/1.2.7/pipeline-model-json-shaded-1.2.7.jar:/root/.m2/repository/org/jenkinsci/plugins/pipeline-model-extensions/1.2.7/pipeline-model-extensions-1.2.7.jar:/root/.m2/repository/org/jenkinsci/plugins/pipeline-stage-tags-metadata/1.2.7/pipeline-stage-tags-metadata-1.2.7.jar:/root/.m2/repository/org/jenkins-ci/plugins/workflow/workflow-multibranch/2.9.2/workflow-multibranch-2.9.2.jar:/root/.m2/repository/org/jenkins-ci/plugins/branch-api/1.11/branch-api-1.11.jar:/root/.m2/repository/org/jenkins-ci/plugins/cloudbees-folder/5.12/cloudbees-folder-5.12.jar:/root/.m2/repository/org/jenkins-ci/plugins/pipeline-stage-step/2.2/pipeline-stage-step-2.2.jar:/root/.m2/repository/org/jenkins-ci/plugins/docker-workflow/1.9/docker-workflow-1.9.jar:/root/.m2/repository/org/jenkins-ci/plugins/docker-commons/1.5/docker-commons-1.5.jar:/root/.m2/repository/org/jenkins-ci/plugins/authentication-tokens/1.1/authentication-tokens-1.1.jar:/root/.m2/repository/org/jenkins-ci/plugins/icon-shim/icon-shim/1.0.3/icon-shim-1.0.3.jar:/root/.m2/repository/org/jenkins-ci/plugins/credentials-binding/1.13/credentials-binding-1.13.jar:/root/.m2/repository/org/jenkins-ci/plugins/plain-credentials/1.3/plain-credentials-1.3.jar:/root/.m2/repository/org/jenkins-ci/plugins/ssh-credentials/1.13/ssh-credentials-1.13.jar:/root/.m2/repository/org/jenkins-ci/plugins/workflow/workflow-cps-global-lib/2.7/workflow-cps-global-lib-2.7.jar:/root/.m2/repository/org/jenkins-ci/plugins/git-server/1.5/git-server-1.5.jar:/root/.m2/repository/org/apache/ivy/ivy/2.4.0/ivy-2.4.0.jar:/root/.m2/repository/org/jenkins-ci/plugins/git-client/2.5.0/git-client-2.5.0.jar:/root/.m2/repository/org/eclipse/jgit/org.eclipse.jgit/4.5.2.201704071617-r/org.eclipse.jgit-4.5.2.201704071617-r.jar:/root/.m2/repository/com/googlecode/javaewah/JavaEWAH/0.7.9/JavaEWAH-0.7.9.jar:/root/.m2/repository/org/eclipse/jgit/org.eclipse.jgit.http.server/4.5.2.201704071617-r/org.eclipse.jgit.http.server-4.5.2.201704071617-r.jar:/root/.m2/repository/org/eclipse/jgit/org.eclipse.jgit.http.apache/4.5.2.201704071617-r/org.eclipse.jgit.http.apache-4.5.2.201704071617-r.jar:/root/.m2/repository/org/jenkins-ci/plugins/credentials/2.1.13/credentials-2.1.13.jar:/root/.m2/repository/org/antlr/antlr4-runtime/4.5/antlr4-runtime-4.5.jar:/root/.m2/repository/org/abego/treelayout/org.abego.treelayout.core/1.0.1/org.abego.treelayout.core-1.0.1.jar:/root/.m2/repository/org/jenkins-ci/plugins/pipeline-input-step/2.8/pipeline-input-step-2.8.jar:/root/.m2/repository/org/jenkinsci/plugins/pipeline-model-declarative-agent/1.1.1/pipeline-model-declarative-agent-1.1.1.jar:/root/.m2/repository/com/github/spotbugs/spotbugs-annotations/3.1.11/spotbugs-annotations-3.1.11.jar:/root/.m2/repository/com/google/code/findbugs/jsr305/3.0.2/jsr305-3.0.2.jar:/root/.m2/repository/net/jcip/jcip-annotations/1.0/jcip-annotations-1.0.jar:/root/.m2/repository/org/codehaus/mojo/animal-sniffer-annotations/1.17/animal-sniffer-annotations-1.17.jar:/root/.m2/repository/javax/servlet/javax.servlet-api/3.1.0/javax.servlet-api-3.1.0.jar:/root/.m2/repository/org/jenkins-ci/main/jenkins-core/2.89.4/jenkins-core-2.89.4.jar:/root/.m2/repository/org/jenkins-ci/plugins/icon-shim/icon-set/1.0.5/icon-set-1.0.5.jar:/root/.m2/repository/org/jenkins-ci/main/remoting/3.14/remoting-3.14.jar:/root/.m2/repository/org/jenkins-ci/constant-pool-scanner/1.2/constant-pool-scanner-1.2.jar:/root/.m2/repository/org/jenkins-ci/main/cli/2.89.4/cli-2.89.4.jar:/root/.m2/repository/org/jenkins-ci/version-number/1.4/version-number-1.4.jar:/root/.m2/repository/org/jenkins-ci/crypto-util/1.1/crypto-util-1.1.jar:/root/.m2/repository/org/jvnet/hudson/jtidy/4aug2000r7-dev-hudson-1/jtidy-4aug2000r7-dev-hudson-1.jar:/root/.m2/repository/com/google/inject/guice/4.0/guice-4.0.jar:/root/.m2/repository/javax/inject/javax.inject/1/javax.inject-1.jar:/root/.m2/repository/aopalliance/aopalliance/1.0/aopalliance-1.0.jar:/root/.m2/repository/org/jruby/ext/posix/jna-posix/1.0.3-jenkins-1/jna-posix-1.0.3-jenkins-1.jar:/root/.m2/repository/com/github/jnr/jnr-posix/3.0.41/jnr-posix-3.0.41.jar:/root/.m2/repository/com/github/jnr/jnr-ffi/2.1.4/jnr-ffi-2.1.4.jar:/root/.m2/repository/com/github/jnr/jffi/1.2.15/jffi-1.2.15.jar:/root/.m2/repository/com/github/jnr/jffi/1.2.15/jffi-1.2.15-native.jar:/root/.m2/repository/org/ow2/asm/asm/5.0.3/asm-5.0.3.jar:/root/.m2/repository/org/ow2/asm/asm-commons/5.0.3/asm-commons-5.0.3.jar:/root/.m2/repository/org/ow2/asm/asm-analysis/5.0.3/asm-analysis-5.0.3.jar:/root/.m2/repository/org/ow2/asm/asm-tree/5.0.3/asm-tree-5.0.3.jar:/root/.m2/repository/org/ow2/asm/asm-util/5.0.3/asm-util-5.0.3.jar:/root/.m2/repository/com/github/jnr/jnr-x86asm/1.0.2/jnr-x86asm-1.0.2.jar:/root/.m2/repository/com/github/jnr/jnr-constants/0.9.8/jnr-constants-0.9.8.jar:/root/.m2/repository/org/kohsuke/trilead-putty-extension/1.2/trilead-putty-extension-1.2.jar:/root/.m2/repository/org/jenkins-ci/trilead-ssh2/build-217-jenkins-11/trilead-ssh2-build-217-jenkins-11.jar:/root/.m2/repository/net/i2p/crypto/eddsa/0.2.0/eddsa-0.2.0.jar:/root/.m2/repository/org/connectbot/jbcrypt/jbcrypt/1.0.0/jbcrypt-1.0.0.jar:/root/.m2/repository/org/kohsuke/stapler/stapler-groovy/1.254/stapler-groovy-1.254.jar:/root/.m2/repository/org/kohsuke/stapler/stapler-jelly/1.254/stapler-jelly-1.254.jar:/root/.m2/repository/org/jenkins-ci/commons-jelly/1.1-jenkins-20120928/commons-jelly-1.1-jenkins-20120928.jar:/root/.m2/repository/org/jenkins-ci/dom4j/dom4j/1.6.1-jenkins-4/dom4j-1.6.1-jenkins-4.jar:/root/.m2/repository/org/kohsuke/stapler/stapler-jrebel/1.254/stapler-jrebel-1.254.jar:/root/.m2/repository/org/kohsuke/stapler/stapler/1.254/stapler-1.254.jar:/root/.m2/repository/javax/annotation/javax.annotation-api/1.2/javax.annotation-api-1.2.jar:/root/.m2/repository/commons-discovery/commons-discovery/0.4/commons-discovery-0.4.jar:/root/.m2/repository/org/jvnet/tiger-types/2.2/tiger-types-2.2.jar:/root/.m2/repository/org/kohsuke/windows-package-checker/1.2/windows-package-checker-1.2.jar:/root/.m2/repository/org/kohsuke/stapler/stapler-adjunct-zeroclipboard/1.3.5-1/stapler-adjunct-zeroclipboard-1.3.5-1.jar:/root/.m2/repository/org/kohsuke/stapler/stapler-adjunct-timeline/1.5/stapler-adjunct-timeline-1.5.jar:/root/.m2/repository/org/kohsuke/stapler/stapler-adjunct-codemirror/1.3/stapler-adjunct-codemirror-1.3.jar:/root/.m2/repository/com/infradna/tool/bridge-method-annotation/1.13/bridge-method-annotation-1.13.jar:/root/.m2/repository/org/kohsuke/stapler/json-lib/2.4-jenkins-2/json-lib-2.4-jenkins-2.jar:/root/.m2/repository/net/sf/ezmorph/ezmorph/1.0.6/ezmorph-1.0.6.jar:/root/.m2/repository/commons-httpclient/commons-httpclient/3.1-jenkins-1/commons-httpclient-3.1-jenkins-1.jar:/root/.m2/repository/args4j/args4j/2.0.31/args4j-2.0.31.jar:/root/.m2/repository/org/jenkins-ci/annotation-indexer/1.12/annotation-indexer-1.12.jar:/root/.m2/repository/org/jenkins-ci/bytecode-compatibility-transformer/1.8/bytecode-compatibility-transformer-1.8.jar:/root/.m2/repository/org/kohsuke/asm5/5.0.1/asm5-5.0.1.jar:/root/.m2/repository/org/jenkins-ci/task-reactor/1.4/task-reactor-1.4.jar:/root/.m2/repository/org/jvnet/localizer/localizer/1.24/localizer-1.24.jar:/root/.m2/repository/antlr/antlr/2.7.6/antlr-2.7.6.jar:/root/.m2/repository/org/jvnet/hudson/xstream/1.4.7-jenkins-1/xstream-1.4.7-jenkins-1.jar:/root/.m2/repository/jfree/jfreechart/1.0.9/jfreechart-1.0.9.jar:/root/.m2/repository/jfree/jcommon/1.0.12/jcommon-1.0.12.jar:/root/.m2/repository/org/apache/ant/ant/1.9.2/ant-1.9.2.jar:/root/.m2/repository/org/apache/ant/ant-launcher/1.9.2/ant-launcher-1.9.2.jar:/root/.m2/repository/commons-lang/commons-lang/2.6/commons-lang-2.6.jar:/root/.m2/repository/commons-digester/commons-digester/2.1/commons-digester-2.1.jar:/root/.m2/repository/commons-beanutils/commons-beanutils/1.8.3/commons-beanutils-1.8.3.jar:/root/.m2/repository/org/apache/commons/commons-compress/1.10/commons-compress-1.10.jar:/root/.m2/repository/javax/mail/mail/1.4.4/mail-1.4.4.jar:/root/.m2/repository/org/jvnet/hudson/activation/1.1.1-hudson-1/activation-1.1.1-hudson-1.jar:/root/.m2/repository/jaxen/jaxen/1.1-beta-11/jaxen-1.1-beta-11.jar:/root/.m2/repository/commons-jelly/commons-jelly-tags-fmt/1.0/commons-jelly-tags-fmt-1.0.jar:/root/.m2/repository/commons-jelly/commons-jelly-tags-xml/1.1/commons-jelly-tags-xml-1.1.jar:/root/.m2/repository/org/jvnet/hudson/commons-jelly-tags-define/1.0.1-hudson-20071021/commons-jelly-tags-define-1.0.1-hudson-20071021.jar:/root/.m2/repository/org/jenkins-ci/commons-jexl/1.1-jenkins-20111212/commons-jexl-1.1-jenkins-20111212.jar:/root/.m2/repository/org/acegisecurity/acegi-security/1.0.7/acegi-security-1.0.7.jar:/root/.m2/repository/org/springframework/spring-jdbc/1.2.9/spring-jdbc-1.2.9.jar:/root/.m2/repository/org/springframework/spring-dao/1.2.9/spring-dao-1.2.9.jar:/root/.m2/repository/oro/oro/2.0.8/oro-2.0.8.jar:/root/.m2/repository/log4j/log4j/1.2.17/log4j-1.2.17.jar:/root/.m2/repository/org/codehaus/groovy/groovy-all/2.4.11/groovy-all-2.4.11.jar:/root/.m2/repository/jline/jline/2.12/jline-2.12.jar:/root/.m2/repository/org/fusesource/jansi/jansi/1.11/jansi-1.11.jar:/root/.m2/repository/org/springframework/spring-webmvc/2.5.6.SEC03/spring-webmvc-2.5.6.SEC03.jar:/root/.m2/repository/org/springframework/spring-beans/2.5.6.SEC03/spring-beans-2.5.6.SEC03.jar:/root/.m2/repository/org/springframework/spring-context/2.5.6.SEC03/spring-context-2.5.6.SEC03.jar:/root/.m2/repository/org/springframework/spring-context-support/2.5.6.SEC03/spring-context-support-2.5.6.SEC03.jar:/root/.m2/repository/org/springframework/spring-web/2.5.6.SEC03/spring-web-2.5.6.SEC03.jar:/root/.m2/repository/org/springframework/spring-core/2.5.6.SEC03/spring-core-2.5.6.SEC03.jar:/root/.m2/repository/org/springframework/spring-aop/2.5.6.SEC03/spring-aop-2.5.6.SEC03.jar:/root/.m2/repository/xpp3/xpp3/1.1.4c/xpp3-1.1.4c.jar:/root/.m2/repository/javax/servlet/jsp/jstl/javax.servlet.jsp.jstl-api/1.2.1/javax.servlet.jsp.jstl-api-1.2.1.jar:/root/.m2/repository/com/sun/xml/txw2/txw2/20110809/txw2-20110809.jar:/root/.m2/repository/javax/xml/stream/stax-api/1.0-2/stax-api-1.0-2.jar:/root/.m2/repository/relaxngDatatype/relaxngDatatype/20020414/relaxngDatatype-20020414.jar:/root/.m2/repository/commons-collections/commons-collections/3.2.2/commons-collections-3.2.2.jar:/root/.m2/repository/org/jvnet/winp/winp/1.25/winp-1.25.jar:/root/.m2/repository/org/jenkins-ci/memory-monitor/1.9/memory-monitor-1.9.jar:/root/.m2/repository/org/codehaus/woodstox/wstx-asl/3.2.9/wstx-asl-3.2.9.jar:/root/.m2/repository/stax/stax-api/1.0.1/stax-api-1.0.1.jar:/root/.m2/repository/org/jenkins-ci/jmdns/3.4.0-jenkins-3/jmdns-3.4.0-jenkins-3.jar:/root/.m2/repository/net/java/dev/jna/jna/4.2.1/jna-4.2.1.jar:/root/.m2/repository/org/kohsuke/akuma/1.10/akuma-1.10.jar:/root/.m2/repository/org/kohsuke/libpam4j/1.8/libpam4j-1.8.jar:/root/.m2/repository/org/kohsuke/libzfs/0.8/libzfs-0.8.jar:/root/.m2/repository/com/sun/solaris/embedded_su4j/1.1/embedded_su4j-1.1.jar:/root/.m2/repository/net/java/sezpoz/sezpoz/1.12/sezpoz-1.12.jar:/root/.m2/repository/org/kohsuke/jinterop/j-interop/2.0.6-kohsuke-1/j-interop-2.0.6-kohsuke-1.jar:/root/.m2/repository/org/kohsuke/jinterop/j-interopdeps/2.0.6-kohsuke-1/j-interopdeps-2.0.6-kohsuke-1.jar:/root/.m2/repository/org/samba/jcifs/jcifs/1.2.19/jcifs-1.2.19.jar:/root/.m2/repository/org/jvnet/robust-http-client/robust-http-client/1.2/robust-http-client-1.2.jar:/root/.m2/repository/commons-codec/commons-codec/1.9/commons-codec-1.9.jar:/root/.m2/repository/commons-fileupload/commons-fileupload/1.3.1-jenkins-2/commons-fileupload-1.3.1-jenkins-2.jar:/root/.m2/repository/com/jcraft/jzlib/1.1.3-kohsuke-1/jzlib-1.1.3-kohsuke-1.jar:/root/.m2/repository/org/jenkins-ci/main/jenkins-war/2.89.4/jenkins-war-2.89.4.war:/root/.m2/repository/org/jenkins-ci/modules/instance-identity/2.1/instance-identity-2.1.jar:/root/.m2/repository/io/github/stephenc/crypto/self-signed-cert-generator/1.0.0/self-signed-cert-generator-1.0.0.jar:/root/.m2/repository/org/jenkins-ci/modules/ssh-cli-auth/1.4/ssh-cli-auth-1.4.jar:/root/.m2/repository/org/jenkins-ci/modules/slave-installer/1.6/slave-installer-1.6.jar:/root/.m2/repository/org/jenkins-ci/modules/windows-slave-installer/1.9.2/windows-slave-installer-1.9.2.jar:/root/.m2/repository/org/jenkins-ci/modules/launchd-slave-installer/1.2/launchd-slave-installer-1.2.jar:/root/.m2/repository/org/jenkins-ci/modules/upstart-slave-installer/1.1/upstart-slave-installer-1.1.jar:/root/.m2/repository/org/jenkins-ci/modules/systemd-slave-installer/1.1/systemd-slave-installer-1.1.jar:/root/.m2/repository/org/jenkins-ci/modules/sshd/2.0/sshd-2.0.jar:/root/.m2/repository/org/apache/sshd/sshd-core/1.6.0/sshd-core-1.6.0.jar:/root/.m2/repository/org/jenkins-ci/ui/jquery-detached/1.2.1/jquery-detached-1.2.1-core-assets.jar:/root/.m2/repository/org/jenkins-ci/ui/bootstrap/1.3.2/bootstrap-1.3.2-core-assets.jar:/root/.m2/repository/org/jenkins-ci/ui/handlebars/1.1.1/handlebars-1.1.1-core-assets.jar:/root/.m2/repository/org/jenkins-ci/main/jenkins-test-harness/2.47/jenkins-test-harness-2.47.jar:/root/.m2/repository/org/eclipse/jetty/jetty-webapp/9.4.5.v20170502/jetty-webapp-9.4.5.v20170502.jar:/root/.m2/repository/org/eclipse/jetty/jetty-xml/9.4.5.v20170502/jetty-xml-9.4.5.v20170502.jar:/root/.m2/repository/org/eclipse/jetty/jetty-util/9.4.5.v20170502/jetty-util-9.4.5.v20170502.jar:/root/.m2/repository/org/eclipse/jetty/jetty-servlet/9.4.5.v20170502/jetty-servlet-9.4.5.v20170502.jar:/root/.m2/repository/org/eclipse/jetty/jetty-security/9.4.5.v20170502/jetty-security-9.4.5.v20170502.jar:/root/.m2/repository/org/eclipse/jetty/jetty-server/9.4.5.v20170502/jetty-server-9.4.5.v20170502.jar:/root/.m2/repository/org/eclipse/jetty/jetty-http/9.4.5.v20170502/jetty-http-9.4.5.v20170502.jar:/root/.m2/repository/org/eclipse/jetty/jetty-io/9.4.5.v20170502/jetty-io-9.4.5.v20170502.jar:/root/.m2/repository/org/hamcrest/hamcrest-library/1.3/hamcrest-library-1.3.jar:/root/.m2/repository/org/jenkins-ci/main/jenkins-test-harness-htmlunit/2.31-2/jenkins-test-harness-htmlunit-2.31-2.jar:/root/.m2/repository/xalan/serializer/2.7.2/serializer-2.7.2.jar:/root/.m2/repository/org/apache/commons/commons-text/1.3/commons-text-1.3.jar:/root/.m2/repository/xml-apis/xml-apis/1.4.01/xml-apis-1.4.01.jar:/root/.m2/repository/org/eclipse/jetty/websocket/websocket-client/9.4.10.v20180503/websocket-client-9.4.10.v20180503.jar:/root/.m2/repository/org/eclipse/jetty/websocket/websocket-common/9.4.10.v20180503/websocket-common-9.4.10.v20180503.jar:/root/.m2/repository/org/eclipse/jetty/websocket/websocket-api/9.4.10.v20180503/websocket-api-9.4.10.v20180503.jar:/root/.m2/repository/org/jvnet/hudson/embedded-rhino-debugger/1.2/embedded-rhino-debugger-1.2.jar:/root/.m2/repository/org/netbeans/modules/org-netbeans-insane/RELEASE72/org-netbeans-insane-RELEASE72.jar:/root/.m2/repository/com/github/stephenc/findbugs/findbugs-annotations/1.3.9-1/findbugs-annotations-1.3.9-1.jar:/root/.m2/repository/org/jenkins-ci/test-annotations/1.3/test-annotations-1.3.jar:/root/.m2/repository/junit/junit/4.12/junit-4.12.jar:/root/.m2/repository/org/hamcrest/hamcrest-core/1.3/hamcrest-core-1.3.jar:/root/.m2/repository/org/slf4j/slf4j-api/1.7.25/slf4j-api-1.7.25.jar:/root/.m2/repository/org/slf4j/log4j-over-slf4j/1.7.25/log4j-over-slf4j-1.7.25.jar:/root/.m2/repository/org/slf4j/jcl-over-slf4j/1.7.25/jcl-over-slf4j-1.7.25.jar:/root/.m2/repository/org/slf4j/slf4j-jdk14/1.7.25/slf4j-jdk14-1.7.25.jar:/root/.m2/repository/org/kohsuke/access-modifier-annotation/1.16/access-modifier-annotation-1.16.jar:/root/.m2/repository/commons-logging/commons-logging/1.2/commons-logging-1.2.jar:"/>
    <property name="sun.cpu.endian" value="little"/>
    <property name="user.home" value="/root"/>
    <property name="user.language" value="en"/>
    <property name="java.specification.vendor" value="Oracle Corporation"/>
    <property name="java.home" value="/usr/lib/jvm/java-1.8.0-openjdk-1.8.0.212.b04-0.el7_6.x86_64/jre"/>
    <property name="basedir" value="/opt/git-repo"/>
    <property name="file.separator" value="/"/>
    <property name="line.separator" value="&#10;"/>
    <property name="java.vm.specification.vendor" value="Oracle Corporation"/>
    <property name="java.specification.name" value="Java Platform API Specification"/>
    <property name="java.awt.graphicsenv" value="sun.awt.X11GraphicsEnvironment"/>
    <property name="java.awt.headless" value="true"/>
    <property name="surefire.real.class.path" value="/opt/git-repo/target/surefire/surefirebooter1813930974235044693.jar"/>
    <property name="sun.boot.class.path" value="/usr/lib/jvm/java-1.8.0-openjdk-1.8.0.212.b04-0.el7_6.x86_64/jre/lib/resources.jar:/usr/lib/jvm/java-1.8.0-openjdk-1.8.0.212.b04-0.el7_6.x86_64/jre/lib/rt.jar:/usr/lib/jvm/java-1.8.0-openjdk-1.8.0.212.b04-0.el7_6.x86_64/jre/lib/sunrsasign.jar:/usr/lib/jvm/java-1.8.0-openjdk-1.8.0.212.b04-0.el7_6.x86_64/jre/lib/jsse.jar:/usr/lib/jvm/java-1.8.0-openjdk-1.8.0.212.b04-0.el7_6.x86_64/jre/lib/jce.jar:/usr/lib/jvm/java-1.8.0-openjdk-1.8.0.212.b04-0.el7_6.x86_64/jre/lib/charsets.jar:/usr/lib/jvm/java-1.8.0-openjdk-1.8.0.212.b04-0.el7_6.x86_64/jre/lib/jfr.jar:/usr/lib/jvm/java-1.8.0-openjdk-1.8.0.212.b04-0.el7_6.x86_64/jre/classes"/>
    <property name="sun.management.compiler" value="HotSpot 64-Bit Tiered Compilers"/>
    <property name="java.runtime.version" value="1.8.0_212-b04"/>
    <property name="user.name" value="root"/>
    <property name="path.separator" value=":"/>
    <property name="os.version" value="3.10.0-957.12.1.el7.x86_64"/>
    <property name="java.endorsed.dirs" value="/usr/lib/jvm/java-1.8.0-openjdk-1.8.0.212.b04-0.el7_6.x86_64/jre/lib/endorsed"/>
    <property name="java.runtime.name" value="OpenJDK Runtime Environment"/>
    <property name="file.encoding" value="UTF-8"/>
    <property name="java.vm.name" value="OpenJDK 64-Bit Server VM"/>
    <property name="localRepository" value="/root/.m2/repository"/>
    <property name="java.vendor.url.bug" value="http://bugreport.sun.com/bugreport/"/>
    <property name="java.io.tmpdir" value="/opt/git-repo/target/tmp"/>
    <property name="java.version" value="1.8.0_212"/>
    <property name="user.dir" value="/opt/git-repo"/>
    <property name="os.arch" value="amd64"/>
    <property name="java.vm.specification.name" value="Java Virtual Machine Specification"/>
    <property name="java.awt.printerjob" value="sun.print.PSPrinterJob"/>
    <property name="sun.os.patch.level" value="unknown"/>
    <property name="java.library.path" value="/usr/java/packages/lib/amd64:/usr/lib64:/lib64:/lib:/usr/lib"/>
    <property name="java.vm.info" value="mixed mode"/>
    <property name="java.vendor" value="Oracle Corporation"/>
    <property name="java.vm.version" value="25.212-b04"/>
    <property name="java.ext.dirs" value="/usr/lib/jvm/java-1.8.0-openjdk-1.8.0.212.b04-0.el7_6.x86_64/jre/lib/ext:/usr/java/packages/lib/ext"/>
    <property name="sun.io.unicode.encoding" value="UnicodeLittle"/>
    <property name="java.class.version" value="52.0"/>
  </properties>
  <testcase name="hudson/plugins/sonar/SonarRunnerBuilder/config.jelly" classname="org.jvnet.hudson.test.JellyTestSuiteBuilder$JellyCheck" time="1.716"/>
  <testcase name="hudson/plugins/sonar/MsBuildSQRunnerInstallation/config.jelly" classname="org.jvnet.hudson.test.JellyTestSuiteBuilder$JellyCheck" time="0"/>
  <testcase name="hudson/plugins/sonar/SonarPublisher/config.jelly" classname="org.jvnet.hudson.test.JellyTestSuiteBuilder$JellyCheck" time="1.971"/>
  <testcase name="hudson/plugins/sonar/action/SonarBuildBadgeAction/badge.jelly" classname="org.jvnet.hudson.test.JellyTestSuiteBuilder$JellyCheck" time="0.064"/>
  <testcase name="hudson/plugins/sonar/MsBuildSQRunnerBegin/config.jelly" classname="org.jvnet.hudson.test.JellyTestSuiteBuilder$JellyCheck" time="0.455"/>
  <testcase name="hudson/plugins/sonar/SonarGlobalConfiguration/config.jelly" classname="org.jvnet.hudson.test.JellyTestSuiteBuilder$JellyCheck" time="0.281"/>
  <testcase name="hudson/plugins/sonar/SonarPublisher/triggers.jelly" classname="org.jvnet.hudson.test.JellyTestSuiteBuilder$JellyCheck" time="0.07"/>
  <testcase name="hudson/plugins/sonar/action/SonarProjectPageAction/jobMain.jelly" classname="org.jvnet.hudson.test.JellyTestSuiteBuilder$JellyCheck" time="0.017"/>
  <testcase name="hudson/plugins/sonar/MsBuildSQRunnerEnd/config.jelly" classname="org.jvnet.hudson.test.JellyTestSuiteBuilder$JellyCheck" time="0.011"/>
  <testcase name="hudson/plugins/sonar/SonarBuildWrapper/config.jelly" classname="org.jvnet.hudson.test.JellyTestSuiteBuilder$JellyCheck" time="0.049"/>
  <testcase name="hudson/plugins/sonar/SonarGlobalConfiguration/triggers.jelly" classname="org.jvnet.hudson.test.JellyTestSuiteBuilder$JellyCheck" time="0.068"/>
  <testcase name="index.jelly" classname="org.jvnet.hudson.test.JellyTestSuiteBuilder$JellyCheck" time="0.007"/>
  <testcase name="hudson/plugins/sonar/SonarRunnerInstallation/config.jelly" classname="org.jvnet.hudson.test.JellyTestSuiteBuilder$JellyCheck" time="0.032"/>
  <testcase name="org/sonarsource/scanner/jenkins/pipeline/WaitForQualityGateStep/config.jelly" classname="org.jvnet.hudson.test.JellyTestSuiteBuilder$JellyCheck" time="0.048"/>
  <testcase name="testCliSanity" classname="org.jvnet.hudson.test.PluginAutomaticTestBuilder$OtherTests" time="0.032"/>
  <testcase name="testPluginActive" classname="org.jvnet.hudson.test.PluginAutomaticTestBuilder$OtherTests" time="0"/>
  <testcase name="org.jvnet.hudson.test.JellyTestSuiteBuilder$JellyTestSuite" classname="org.jvnet.hudson.test.junit.FailedTest" time="0"/>
  <testcase name="hudson/plugins/sonar/MsBuildSQRunnerBegin/config.properties" classname="org.jvnet.hudson.test.PropertiesTestSuite$PropertiesTest" time="0.029"/>
  <testcase name="hudson/plugins/sonar/SonarPublisher/triggers_fr.properties" classname="org.jvnet.hudson.test.PropertiesTestSuite$PropertiesTest" time="0.051"/>
  <testcase name="hudson/plugins/sonar/SonarPublisher/config_es.properties" classname="org.jvnet.hudson.test.PropertiesTestSuite$PropertiesTest" time="0.051"/>
  <testcase name="hudson/plugins/sonar/Messages.properties" classname="org.jvnet.hudson.test.PropertiesTestSuite$PropertiesTest" time="0"/>
  <testcase name="hudson/plugins/sonar/SonarGlobalConfiguration/config_hu.properties" classname="org.jvnet.hudson.test.PropertiesTestSuite$PropertiesTest" time="0.05"/>
  <testcase name="hudson/plugins/sonar/action/SonarProjectPageAction/jobMain.properties" classname="org.jvnet.hudson.test.PropertiesTestSuite$PropertiesTest" time="0.054"/>
  <testcase name="hudson/plugins/sonar/SonarGlobalConfiguration/config_nl.properties" classname="org.jvnet.hudson.test.PropertiesTestSuite$PropertiesTest" time="0.055"/>
  <testcase name="hudson/plugins/sonar/Messages_es.properties" classname="org.jvnet.hudson.test.PropertiesTestSuite$PropertiesTest" time="0.057"/>
  <testcase name="hudson/plugins/sonar/SonarGlobalConfiguration/triggers.properties" classname="org.jvnet.hudson.test.PropertiesTestSuite$PropertiesTest" time="0.052"/>
  <testcase name="hudson/plugins/sonar/MsBuildSQRunnerBegin/config_fr.properties" classname="org.jvnet.hudson.test.PropertiesTestSuite$PropertiesTest" time="0.045"/>
  <testcase name="hudson/plugins/sonar/SonarGlobalConfiguration/config_de.properties" classname="org.jvnet.hudson.test.PropertiesTestSuite$PropertiesTest" time="0.054"/>
  <testcase name="hudson/plugins/sonar/SonarGlobalConfiguration/config_fr.properties" classname="org.jvnet.hudson.test.PropertiesTestSuite$PropertiesTest" time="0.059"/>
  <testcase name="hudson/plugins/sonar/SonarBuildWrapper/config_fr.properties" classname="org.jvnet.hudson.test.PropertiesTestSuite$PropertiesTest" time="0.057"/>
  <testcase name="hudson/plugins/sonar/SonarPublisher/config_fr.properties" classname="org.jvnet.hudson.test.PropertiesTestSuite$PropertiesTest" time="0.06"/>
  <testcase name="hudson/plugins/sonar/SonarRunnerBuilder/config.properties" classname="org.jvnet.hudson.test.PropertiesTestSuite$PropertiesTest" time="0.051"/>
  <testcase name="hudson/plugins/sonar/Messages_fr.properties" classname="org.jvnet.hudson.test.PropertiesTestSuite$PropertiesTest" time="0.054"/>
  <testcase name="hudson/plugins/sonar/SonarRunnerBuilder/config_fr.properties" classname="org.jvnet.hudson.test.PropertiesTestSuite$PropertiesTest" time="0.05"/>
  <testcase name="hudson/plugins/sonar/SonarBuildWrapper/config.properties" classname="org.jvnet.hudson.test.PropertiesTestSuite$PropertiesTest" time="0.138"/>
  <testcase name="hudson/plugins/sonar/SonarGlobalConfiguration/config_es.properties" classname="org.jvnet.hudson.test.PropertiesTestSuite$PropertiesTest" time="0.054"/>
  <testcase name="hudson/plugins/sonar/SonarGlobalConfiguration/config.properties" classname="org.jvnet.hudson.test.PropertiesTestSuite$PropertiesTest" time="0.074"/>
  <testcase name="hudson/plugins/sonar/SonarPublisher/triggers.properties" classname="org.jvnet.hudson.test.PropertiesTestSuite$PropertiesTest" time="0.156"/>
  <testcase name="hudson/plugins/sonar/SonarGlobalConfiguration/triggers_fr.properties" classname="org.jvnet.hudson.test.PropertiesTestSuite$PropertiesTest" time="0.001"/>
  <testcase name="hudson/plugins/sonar/SonarPublisher/config.properties" classname="org.jvnet.hudson.test.PropertiesTestSuite$PropertiesTest" time="0.062"/>
</testsuite>